{"/Users/chloe.mccarter/project/team-project/team1-backend/src/app.ts": {"path":"/Users/chloe.mccarter/project/team-project/team1-backend/src/app.ts","statementMap":{"0":{"start":{"line":3,"column":19},"end":{"line":3,"column":27}},"1":{"start":{"line":6,"column":0},"end":{"line":6,"column":null}},"2":{"start":{"line":9,"column":0},"end":{"line":11,"column":null}},"3":{"start":{"line":10,"column":1},"end":{"line":10,"column":null}}},"fnMap":{"0":{"name":"(anonymous_0)","decl":{"start":{"line":9,"column":8},"end":{"line":9,"column":20}},"loc":{"start":{"line":9,"column":34},"end":{"line":11,"column":1}},"line":9}},"branchMap":{},"s":{"0":1,"1":1,"2":1,"3":1},"f":{"0":1},"b":{},"meta":{"lastBranch":0,"lastFunction":1,"lastStatement":4,"seen":{"s:3:19:3:27":0,"s:6:0:6:Infinity":1,"s:9:0:11:Infinity":2,"f:9:8:9:20":0,"s:10:1:10:Infinity":3},"fnNames":{}}}
}
